2013/08/01 15:56:02 [error] [exception.CHttpException.404] exception 'CHttpException' with message 'The system is unable to find the requested action "helloWorld.php".' in /var/www/yii/framework/web/CController.php:483
Stack trace:
#0 /var/www/yii/framework/web/CController.php(270): CController->missingAction('helloWorld.php')
#1 /var/www/yii/framework/web/CWebApplication.php(282): CController->run('helloWorld.php')
#2 /var/www/yii/framework/web/CWebApplication.php(141): CWebApplication->runController('message/helloWo...')
#3 /var/www/yii/framework/base/CApplication.php(169): CWebApplication->processRequest()
#4 /var/www/demo/index.php(13): CApplication->run()
#5 {main}
REQUEST_URI=/demo/index.php?r=message/helloWorld.php
---
2013/08/01 15:57:04 [error] [exception.CHttpException.404] exception 'CHttpException' with message 'The system is unable to find the requested action "helloWorld.php".' in /var/www/yii/framework/web/CController.php:483
Stack trace:
#0 /var/www/yii/framework/web/CController.php(270): CController->missingAction('helloWorld.php')
#1 /var/www/yii/framework/web/CWebApplication.php(282): CController->run('helloWorld.php')
#2 /var/www/yii/framework/web/CWebApplication.php(141): CWebApplication->runController('message/helloWo...')
#3 /var/www/yii/framework/base/CApplication.php(169): CWebApplication->processRequest()
#4 /var/www/demo/index.php(13): CApplication->run()
#5 {main}
REQUEST_URI=/demo/index.php?r=message/helloWorld.php
---
2013/08/01 16:00:37 [error] [exception.CHttpException.404] exception 'CHttpException' with message 'The system is unable to find the requested action "helloWorld.php".' in /var/www/yii/framework/web/CController.php:483
Stack trace:
#0 /var/www/yii/framework/web/CController.php(270): CController->missingAction('helloWorld.php')
#1 /var/www/yii/framework/web/CWebApplication.php(282): CController->run('helloWorld.php')
#2 /var/www/yii/framework/web/CWebApplication.php(141): CWebApplication->runController('message/helloWo...')
#3 /var/www/yii/framework/base/CApplication.php(169): CWebApplication->processRequest()
#4 /var/www/demo/index.php(13): CApplication->run()
#5 {main}
REQUEST_URI=/demo/index.php?r=message/helloWorld.php
---
2013/08/01 16:01:16 [error] [exception.CHttpException.404] exception 'CHttpException' with message 'The system is unable to find the requested action "helloWorld.php".' in /var/www/yii/framework/web/CController.php:483
Stack trace:
#0 /var/www/yii/framework/web/CController.php(270): CController->missingAction('helloWorld.php')
#1 /var/www/yii/framework/web/CWebApplication.php(282): CController->run('helloWorld.php')
#2 /var/www/yii/framework/web/CWebApplication.php(141): CWebApplication->runController('message/helloWo...')
#3 /var/www/yii/framework/base/CApplication.php(169): CWebApplication->processRequest()
#4 /var/www/demo/index.php(13): CApplication->run()
#5 {main}
REQUEST_URI=/demo/index.php?r=message/helloWorld.php
---
2013/08/01 16:01:17 [error] [exception.CHttpException.404] exception 'CHttpException' with message 'The system is unable to find the requested action "helloWorld.php".' in /var/www/yii/framework/web/CController.php:483
Stack trace:
#0 /var/www/yii/framework/web/CController.php(270): CController->missingAction('helloWorld.php')
#1 /var/www/yii/framework/web/CWebApplication.php(282): CController->run('helloWorld.php')
#2 /var/www/yii/framework/web/CWebApplication.php(141): CWebApplication->runController('message/helloWo...')
#3 /var/www/yii/framework/base/CApplication.php(169): CWebApplication->processRequest()
#4 /var/www/demo/index.php(13): CApplication->run()
#5 {main}
REQUEST_URI=/demo/index.php?r=message/helloWorld.php
---
2013/08/01 16:01:17 [error] [exception.CHttpException.404] exception 'CHttpException' with message 'The system is unable to find the requested action "helloWorld.php".' in /var/www/yii/framework/web/CController.php:483
Stack trace:
#0 /var/www/yii/framework/web/CController.php(270): CController->missingAction('helloWorld.php')
#1 /var/www/yii/framework/web/CWebApplication.php(282): CController->run('helloWorld.php')
#2 /var/www/yii/framework/web/CWebApplication.php(141): CWebApplication->runController('message/helloWo...')
#3 /var/www/yii/framework/base/CApplication.php(169): CWebApplication->processRequest()
#4 /var/www/demo/index.php(13): CApplication->run()
#5 {main}
REQUEST_URI=/demo/index.php?r=message/helloWorld.php
---
2013/08/01 16:01:17 [error] [exception.CHttpException.404] exception 'CHttpException' with message 'The system is unable to find the requested action "helloWorld.php".' in /var/www/yii/framework/web/CController.php:483
Stack trace:
#0 /var/www/yii/framework/web/CController.php(270): CController->missingAction('helloWorld.php')
#1 /var/www/yii/framework/web/CWebApplication.php(282): CController->run('helloWorld.php')
#2 /var/www/yii/framework/web/CWebApplication.php(141): CWebApplication->runController('message/helloWo...')
#3 /var/www/yii/framework/base/CApplication.php(169): CWebApplication->processRequest()
#4 /var/www/demo/index.php(13): CApplication->run()
#5 {main}
REQUEST_URI=/demo/index.php?r=message/helloWorld.php
---
2013/08/01 16:01:18 [error] [exception.CHttpException.404] exception 'CHttpException' with message 'The system is unable to find the requested action "helloWorld.php".' in /var/www/yii/framework/web/CController.php:483
Stack trace:
#0 /var/www/yii/framework/web/CController.php(270): CController->missingAction('helloWorld.php')
#1 /var/www/yii/framework/web/CWebApplication.php(282): CController->run('helloWorld.php')
#2 /var/www/yii/framework/web/CWebApplication.php(141): CWebApplication->runController('message/helloWo...')
#3 /var/www/yii/framework/base/CApplication.php(169): CWebApplication->processRequest()
#4 /var/www/demo/index.php(13): CApplication->run()
#5 {main}
REQUEST_URI=/demo/index.php?r=message/helloWorld.php
---
2013/08/01 16:01:18 [error] [exception.CHttpException.404] exception 'CHttpException' with message 'The system is unable to find the requested action "helloWorld.php".' in /var/www/yii/framework/web/CController.php:483
Stack trace:
#0 /var/www/yii/framework/web/CController.php(270): CController->missingAction('helloWorld.php')
#1 /var/www/yii/framework/web/CWebApplication.php(282): CController->run('helloWorld.php')
#2 /var/www/yii/framework/web/CWebApplication.php(141): CWebApplication->runController('message/helloWo...')
#3 /var/www/yii/framework/base/CApplication.php(169): CWebApplication->processRequest()
#4 /var/www/demo/index.php(13): CApplication->run()
#5 {main}
REQUEST_URI=/demo/index.php?r=message/helloWorld.php
---
2013/08/01 16:01:18 [error] [exception.CHttpException.404] exception 'CHttpException' with message 'The system is unable to find the requested action "helloWorld.php".' in /var/www/yii/framework/web/CController.php:483
Stack trace:
#0 /var/www/yii/framework/web/CController.php(270): CController->missingAction('helloWorld.php')
#1 /var/www/yii/framework/web/CWebApplication.php(282): CController->run('helloWorld.php')
#2 /var/www/yii/framework/web/CWebApplication.php(141): CWebApplication->runController('message/helloWo...')
#3 /var/www/yii/framework/base/CApplication.php(169): CWebApplication->processRequest()
#4 /var/www/demo/index.php(13): CApplication->run()
#5 {main}
REQUEST_URI=/demo/index.php?r=message/helloWorld.php
---
2013/08/01 16:01:18 [error] [exception.CHttpException.404] exception 'CHttpException' with message 'The system is unable to find the requested action "helloWorld.php".' in /var/www/yii/framework/web/CController.php:483
Stack trace:
#0 /var/www/yii/framework/web/CController.php(270): CController->missingAction('helloWorld.php')
#1 /var/www/yii/framework/web/CWebApplication.php(282): CController->run('helloWorld.php')
#2 /var/www/yii/framework/web/CWebApplication.php(141): CWebApplication->runController('message/helloWo...')
#3 /var/www/yii/framework/base/CApplication.php(169): CWebApplication->processRequest()
#4 /var/www/demo/index.php(13): CApplication->run()
#5 {main}
REQUEST_URI=/demo/index.php?r=message/helloWorld.php
---
2013/08/01 16:01:18 [error] [exception.CHttpException.404] exception 'CHttpException' with message 'The system is unable to find the requested action "helloWorld.php".' in /var/www/yii/framework/web/CController.php:483
Stack trace:
#0 /var/www/yii/framework/web/CController.php(270): CController->missingAction('helloWorld.php')
#1 /var/www/yii/framework/web/CWebApplication.php(282): CController->run('helloWorld.php')
#2 /var/www/yii/framework/web/CWebApplication.php(141): CWebApplication->runController('message/helloWo...')
#3 /var/www/yii/framework/base/CApplication.php(169): CWebApplication->processRequest()
#4 /var/www/demo/index.php(13): CApplication->run()
#5 {main}
REQUEST_URI=/demo/index.php?r=message/helloWorld.php
---
2013/08/01 16:01:26 [error] [exception.CHttpException.404] exception 'CHttpException' with message 'The system is unable to find the requested action "hellororld.php".' in /var/www/yii/framework/web/CController.php:483
Stack trace:
#0 /var/www/yii/framework/web/CController.php(270): CController->missingAction('hellororld.php')
#1 /var/www/yii/framework/web/CWebApplication.php(282): CController->run('hellororld.php')
#2 /var/www/yii/framework/web/CWebApplication.php(141): CWebApplication->runController('message/helloro...')
#3 /var/www/yii/framework/base/CApplication.php(169): CWebApplication->processRequest()
#4 /var/www/demo/index.php(13): CApplication->run()
#5 {main}
REQUEST_URI=/demo/index.php?r=message/hellororld.php
---
2013/08/01 16:01:36 [error] [exception.CHttpException.404] exception 'CHttpException' with message 'The system is unable to find the requested action "hellowrorld.php".' in /var/www/yii/framework/web/CController.php:483
Stack trace:
#0 /var/www/yii/framework/web/CController.php(270): CController->missingAction('hellowrorld.php')
#1 /var/www/yii/framework/web/CWebApplication.php(282): CController->run('hellowrorld.php')
#2 /var/www/yii/framework/web/CWebApplication.php(141): CWebApplication->runController('message/hellowr...')
#3 /var/www/yii/framework/base/CApplication.php(169): CWebApplication->processRequest()
#4 /var/www/demo/index.php(13): CApplication->run()
#5 {main}
REQUEST_URI=/demo/index.php?r=message/hellowrorld.php
---
2013/08/01 16:01:40 [error] [exception.CHttpException.404] exception 'CHttpException' with message 'The system is unable to find the requested action "helloworld.php".' in /var/www/yii/framework/web/CController.php:483
Stack trace:
#0 /var/www/yii/framework/web/CController.php(270): CController->missingAction('helloworld.php')
#1 /var/www/yii/framework/web/CWebApplication.php(282): CController->run('helloworld.php')
#2 /var/www/yii/framework/web/CWebApplication.php(141): CWebApplication->runController('message/hellowo...')
#3 /var/www/yii/framework/base/CApplication.php(169): CWebApplication->processRequest()
#4 /var/www/demo/index.php(13): CApplication->run()
#5 {main}
REQUEST_URI=/demo/index.php?r=message/helloworld.php
---
2013/08/01 16:07:28 [error] [exception.CHttpException.404] exception 'CHttpException' with message 'The system is unable to find the requested action "helloworld.php".' in /var/www/yii/framework/web/CController.php:483
Stack trace:
#0 /var/www/yii/framework/web/CController.php(270): CController->missingAction('helloworld.php')
#1 /var/www/yii/framework/web/CWebApplication.php(282): CController->run('helloworld.php')
#2 /var/www/yii/framework/web/CWebApplication.php(141): CWebApplication->runController('message/hellowo...')
#3 /var/www/yii/framework/base/CApplication.php(169): CWebApplication->processRequest()
#4 /var/www/demo/index.php(13): CApplication->run()
#5 {main}
REQUEST_URI=/demo/index.php?r=message/helloworld.php
---
2013/08/01 16:07:48 [error] [exception.CHttpException.404] exception 'CHttpException' with message 'The system is unable to find the requested action "helloWorld.php".' in /var/www/yii/framework/web/CController.php:483
Stack trace:
#0 /var/www/yii/framework/web/CController.php(270): CController->missingAction('helloWorld.php')
#1 /var/www/yii/framework/web/CWebApplication.php(282): CController->run('helloWorld.php')
#2 /var/www/yii/framework/web/CWebApplication.php(141): CWebApplication->runController('message/helloWo...')
#3 /var/www/yii/framework/base/CApplication.php(169): CWebApplication->processRequest()
#4 /var/www/demo/index.php(13): CApplication->run()
#5 {main}
REQUEST_URI=/demo/index.php?r=message/helloWorld.php
---
2013/08/01 16:17:05 [error] [php] Undefined variable: theTime (/var/www/demo/protected/views/message/helloWorld.php:8)
Stack trace:
#0 /var/www/yii/framework/web/CController.php(869): MessageController->renderFile()
#1 /var/www/yii/framework/web/CController.php(782): MessageController->renderPartial()
#2 /var/www/demo/protected/controllers/MessageController.php(7): MessageController->render()
#3 /var/www/yii/framework/web/actions/CInlineAction.php(49): MessageController->actionHelloWorld()
#4 /var/www/yii/framework/web/CController.php(308): CInlineAction->runWithParams()
#5 /var/www/yii/framework/web/CController.php(286): MessageController->runAction()
#6 /var/www/yii/framework/web/CController.php(265): MessageController->runActionWithFilters()
#7 /var/www/yii/framework/web/CWebApplication.php(282): MessageController->run()
#8 /var/www/yii/framework/web/CWebApplication.php(141): CWebApplication->runController()
#9 /var/www/yii/framework/base/CApplication.php(169): CWebApplication->processRequest()
#10 /var/www/demo/index.php(13): CWebApplication->run()
REQUEST_URI=/demo/index.php?r=message/helloWorld
in /var/www/demo/protected/views/message/helloWorld.php (8)
in /var/www/demo/protected/controllers/MessageController.php (7)
in /var/www/demo/index.php (13)
2013/08/01 16:33:03 [error] [exception.CHttpException.404] exception 'CHttpException' with message 'The system is unable to find the requested action "goodbye".' in /var/www/yii/framework/web/CController.php:483
Stack trace:
#0 /var/www/yii/framework/web/CController.php(270): CController->missingAction('goodbye')
#1 /var/www/yii/framework/web/CWebApplication.php(282): CController->run('goodbye')
#2 /var/www/yii/framework/web/CWebApplication.php(141): CWebApplication->runController('message/goodbye')
#3 /var/www/yii/framework/base/CApplication.php(169): CWebApplication->processRequest()
#4 /var/www/demo/index.php(13): CApplication->run()
#5 {main}
REQUEST_URI=/demo/index.php?r=message/goodbye
---
2013/08/01 16:40:03 [error] [exception.CHttpException.404] exception 'CHttpException' with message 'The system is unable to find the requested action "goodbye".' in /var/www/yii/framework/web/CController.php:483
Stack trace:
#0 /var/www/yii/framework/web/CController.php(270): CController->missingAction('goodbye')
#1 /var/www/yii/framework/web/CWebApplication.php(282): CController->run('goodbye')
#2 /var/www/yii/framework/web/CWebApplication.php(141): CWebApplication->runController('message/goodbye')
#3 /var/www/yii/framework/base/CApplication.php(169): CWebApplication->processRequest()
#4 /var/www/demo/index.php(13): CApplication->run()
#5 {main}
REQUEST_URI=/demo/index.php?r=message/goodbye
---
2013/08/01 16:40:09 [error] [php] Undefined variable: time (/var/www/demo/protected/views/message/helloWorld.php:7)
Stack trace:
#0 /var/www/yii/framework/web/CController.php(869): MessageController->renderFile()
#1 /var/www/yii/framework/web/CController.php(782): MessageController->renderPartial()
#2 /var/www/demo/protected/controllers/MessageController.php(7): MessageController->render()
#3 /var/www/yii/framework/web/actions/CInlineAction.php(49): MessageController->actionHelloWorld()
#4 /var/www/yii/framework/web/CController.php(308): CInlineAction->runWithParams()
#5 /var/www/yii/framework/web/CController.php(286): MessageController->runAction()
#6 /var/www/yii/framework/web/CController.php(265): MessageController->runActionWithFilters()
#7 /var/www/yii/framework/web/CWebApplication.php(282): MessageController->run()
#8 /var/www/yii/framework/web/CWebApplication.php(141): CWebApplication->runController()
#9 /var/www/yii/framework/base/CApplication.php(169): CWebApplication->processRequest()
#10 /var/www/demo/index.php(13): CWebApplication->run()
REQUEST_URI=/demo/index.php?r=message/helloWorld
in /var/www/demo/protected/views/message/helloWorld.php (7)
in /var/www/demo/protected/controllers/MessageController.php (7)
in /var/www/demo/index.php (13)
2013/08/01 16:41:04 [error] [php] Undefined variable: time (/var/www/demo/protected/views/message/helloWorld.php:7)
Stack trace:
#0 /var/www/yii/framework/web/CController.php(869): MessageController->renderFile()
#1 /var/www/yii/framework/web/CController.php(782): MessageController->renderPartial()
#2 /var/www/demo/protected/controllers/MessageController.php(7): MessageController->render()
#3 /var/www/yii/framework/web/actions/CInlineAction.php(49): MessageController->actionHelloWorld()
#4 /var/www/yii/framework/web/CController.php(308): CInlineAction->runWithParams()
#5 /var/www/yii/framework/web/CController.php(286): MessageController->runAction()
#6 /var/www/yii/framework/web/CController.php(265): MessageController->runActionWithFilters()
#7 /var/www/yii/framework/web/CWebApplication.php(282): MessageController->run()
#8 /var/www/yii/framework/web/CWebApplication.php(141): CWebApplication->runController()
#9 /var/www/yii/framework/base/CApplication.php(169): CWebApplication->processRequest()
#10 /var/www/demo/index.php(13): CWebApplication->run()
REQUEST_URI=/demo/index.php?r=message/helloWorld
in /var/www/demo/protected/views/message/helloWorld.php (7)
in /var/www/demo/protected/controllers/MessageController.php (7)
in /var/www/demo/index.php (13)
2013/08/01 16:42:02 [error] [php] Undefined variable: time (/var/www/demo/protected/views/message/helloWorld.php:7)
Stack trace:
#0 /var/www/yii/framework/web/CController.php(869): MessageController->renderFile()
#1 /var/www/yii/framework/web/CController.php(782): MessageController->renderPartial()
#2 /var/www/demo/protected/controllers/MessageController.php(7): MessageController->render()
#3 /var/www/yii/framework/web/actions/CInlineAction.php(49): MessageController->actionHelloWorld()
#4 /var/www/yii/framework/web/CController.php(308): CInlineAction->runWithParams()
#5 /var/www/yii/framework/web/CController.php(286): MessageController->runAction()
#6 /var/www/yii/framework/web/CController.php(265): MessageController->runActionWithFilters()
#7 /var/www/yii/framework/web/CWebApplication.php(282): MessageController->run()
#8 /var/www/yii/framework/web/CWebApplication.php(141): CWebApplication->runController()
#9 /var/www/yii/framework/base/CApplication.php(169): CWebApplication->processRequest()
#10 /var/www/demo/index.php(13): CWebApplication->run()
REQUEST_URI=/demo/index.php?r=message/helloWorld
in /var/www/demo/protected/views/message/helloWorld.php (7)
in /var/www/demo/protected/controllers/MessageController.php (7)
in /var/www/demo/index.php (13)
2013/08/01 16:42:03 [error] [php] Undefined variable: time (/var/www/demo/protected/views/message/helloWorld.php:7)
Stack trace:
#0 /var/www/yii/framework/web/CController.php(869): MessageController->renderFile()
#1 /var/www/yii/framework/web/CController.php(782): MessageController->renderPartial()
#2 /var/www/demo/protected/controllers/MessageController.php(7): MessageController->render()
#3 /var/www/yii/framework/web/actions/CInlineAction.php(49): MessageController->actionHelloWorld()
#4 /var/www/yii/framework/web/CController.php(308): CInlineAction->runWithParams()
#5 /var/www/yii/framework/web/CController.php(286): MessageController->runAction()
#6 /var/www/yii/framework/web/CController.php(265): MessageController->runActionWithFilters()
#7 /var/www/yii/framework/web/CWebApplication.php(282): MessageController->run()
#8 /var/www/yii/framework/web/CWebApplication.php(141): CWebApplication->runController()
#9 /var/www/yii/framework/base/CApplication.php(169): CWebApplication->processRequest()
#10 /var/www/demo/index.php(13): CWebApplication->run()
REQUEST_URI=/demo/index.php?r=message/helloWorld
in /var/www/demo/protected/views/message/helloWorld.php (7)
in /var/www/demo/protected/controllers/MessageController.php (7)
in /var/www/demo/index.php (13)
2013/08/01 16:42:03 [error] [php] Undefined variable: time (/var/www/demo/protected/views/message/helloWorld.php:7)
Stack trace:
#0 /var/www/yii/framework/web/CController.php(869): MessageController->renderFile()
#1 /var/www/yii/framework/web/CController.php(782): MessageController->renderPartial()
#2 /var/www/demo/protected/controllers/MessageController.php(7): MessageController->render()
#3 /var/www/yii/framework/web/actions/CInlineAction.php(49): MessageController->actionHelloWorld()
#4 /var/www/yii/framework/web/CController.php(308): CInlineAction->runWithParams()
#5 /var/www/yii/framework/web/CController.php(286): MessageController->runAction()
#6 /var/www/yii/framework/web/CController.php(265): MessageController->runActionWithFilters()
#7 /var/www/yii/framework/web/CWebApplication.php(282): MessageController->run()
#8 /var/www/yii/framework/web/CWebApplication.php(141): CWebApplication->runController()
#9 /var/www/yii/framework/base/CApplication.php(169): CWebApplication->processRequest()
#10 /var/www/demo/index.php(13): CWebApplication->run()
REQUEST_URI=/demo/index.php?r=message/helloWorld
in /var/www/demo/protected/views/message/helloWorld.php (7)
in /var/www/demo/protected/controllers/MessageController.php (7)
in /var/www/demo/index.php (13)
2013/08/01 16:42:03 [error] [php] Undefined variable: time (/var/www/demo/protected/views/message/helloWorld.php:7)
Stack trace:
#0 /var/www/yii/framework/web/CController.php(869): MessageController->renderFile()
#1 /var/www/yii/framework/web/CController.php(782): MessageController->renderPartial()
#2 /var/www/demo/protected/controllers/MessageController.php(7): MessageController->render()
#3 /var/www/yii/framework/web/actions/CInlineAction.php(49): MessageController->actionHelloWorld()
#4 /var/www/yii/framework/web/CController.php(308): CInlineAction->runWithParams()
#5 /var/www/yii/framework/web/CController.php(286): MessageController->runAction()
#6 /var/www/yii/framework/web/CController.php(265): MessageController->runActionWithFilters()
#7 /var/www/yii/framework/web/CWebApplication.php(282): MessageController->run()
#8 /var/www/yii/framework/web/CWebApplication.php(141): CWebApplication->runController()
#9 /var/www/yii/framework/base/CApplication.php(169): CWebApplication->processRequest()
#10 /var/www/demo/index.php(13): CWebApplication->run()
REQUEST_URI=/demo/index.php?r=message/helloWorld
in /var/www/demo/protected/views/message/helloWorld.php (7)
in /var/www/demo/protected/controllers/MessageController.php (7)
in /var/www/demo/index.php (13)
2013/08/01 16:42:03 [error] [php] Undefined variable: time (/var/www/demo/protected/views/message/helloWorld.php:7)
Stack trace:
#0 /var/www/yii/framework/web/CController.php(869): MessageController->renderFile()
#1 /var/www/yii/framework/web/CController.php(782): MessageController->renderPartial()
#2 /var/www/demo/protected/controllers/MessageController.php(7): MessageController->render()
#3 /var/www/yii/framework/web/actions/CInlineAction.php(49): MessageController->actionHelloWorld()
#4 /var/www/yii/framework/web/CController.php(308): CInlineAction->runWithParams()
#5 /var/www/yii/framework/web/CController.php(286): MessageController->runAction()
#6 /var/www/yii/framework/web/CController.php(265): MessageController->runActionWithFilters()
#7 /var/www/yii/framework/web/CWebApplication.php(282): MessageController->run()
#8 /var/www/yii/framework/web/CWebApplication.php(141): CWebApplication->runController()
#9 /var/www/yii/framework/base/CApplication.php(169): CWebApplication->processRequest()
#10 /var/www/demo/index.php(13): CWebApplication->run()
REQUEST_URI=/demo/index.php?r=message/helloWorld
in /var/www/demo/protected/views/message/helloWorld.php (7)
in /var/www/demo/protected/controllers/MessageController.php (7)
in /var/www/demo/index.php (13)
2013/08/01 16:46:50 [error] [exception.CException] exception 'CException' with message 'MessageController cannot find the requested view "goodbye".' in /var/www/yii/framework/web/CController.php:878
Stack trace:
#0 /var/www/yii/framework/web/CController.php(782): CController->renderPartial('goodbye', NULL, true)
#1 /var/www/demo/protected/controllers/MessageController.php(19): CController->render('goodbye')
#2 /var/www/yii/framework/web/actions/CInlineAction.php(49): MessageController->actionGoodbye()
#3 /var/www/yii/framework/web/CController.php(308): CInlineAction->runWithParams(Array)
#4 /var/www/yii/framework/web/CController.php(286): CController->runAction(Object(CInlineAction))
#5 /var/www/yii/framework/web/CController.php(265): CController->runActionWithFilters(Object(CInlineAction), Array)
#6 /var/www/yii/framework/web/CWebApplication.php(282): CController->run('goodbye')
#7 /var/www/yii/framework/web/CWebApplication.php(141): CWebApplication->runController('message/goodbye')
#8 /var/www/yii/framework/base/CApplication.php(169): CWebApplication->processRequest()
#9 /var/www/demo/index.php(13): CApplication->run()
#10 {main}
REQUEST_URI=/demo/index.php?r=message/goodbye
---
2013/08/01 16:47:17 [error] [exception.CException] exception 'CException' with message 'MessageController cannot find the requested view "goodbye".' in /var/www/yii/framework/web/CController.php:878
Stack trace:
#0 /var/www/yii/framework/web/CController.php(782): CController->renderPartial('goodbye', NULL, true)
#1 /var/www/demo/protected/controllers/MessageController.php(19): CController->render('goodbye')
#2 /var/www/yii/framework/web/actions/CInlineAction.php(49): MessageController->actionGoodbye()
#3 /var/www/yii/framework/web/CController.php(308): CInlineAction->runWithParams(Array)
#4 /var/www/yii/framework/web/CController.php(286): CController->runAction(Object(CInlineAction))
#5 /var/www/yii/framework/web/CController.php(265): CController->runActionWithFilters(Object(CInlineAction), Array)
#6 /var/www/yii/framework/web/CWebApplication.php(282): CController->run('goodbye')
#7 /var/www/yii/framework/web/CWebApplication.php(141): CWebApplication->runController('message/goodbye')
#8 /var/www/yii/framework/base/CApplication.php(169): CWebApplication->processRequest()
#9 /var/www/demo/index.php(13): CApplication->run()
#10 {main}
REQUEST_URI=/demo/index.php?r=message/goodbye
HTTP_REFERER=http://localhost/demo/index.php?r=message/helloWorld
---
2013/08/01 16:48:33 [error] [exception.CException] exception 'CException' with message 'MessageController cannot find the requested view "goodbye".' in /var/www/yii/framework/web/CController.php:878
Stack trace:
#0 /var/www/yii/framework/web/CController.php(782): CController->renderPartial('goodbye', NULL, true)
#1 /var/www/demo/protected/controllers/MessageController.php(19): CController->render('goodbye')
#2 /var/www/yii/framework/web/actions/CInlineAction.php(49): MessageController->actionGoodbye()
#3 /var/www/yii/framework/web/CController.php(308): CInlineAction->runWithParams(Array)
#4 /var/www/yii/framework/web/CController.php(286): CController->runAction(Object(CInlineAction))
#5 /var/www/yii/framework/web/CController.php(265): CController->runActionWithFilters(Object(CInlineAction), Array)
#6 /var/www/yii/framework/web/CWebApplication.php(282): CController->run('goodbye')
#7 /var/www/yii/framework/web/CWebApplication.php(141): CWebApplication->runController('message/goodbye')
#8 /var/www/yii/framework/base/CApplication.php(169): CWebApplication->processRequest()
#9 /var/www/demo/index.php(13): CApplication->run()
#10 {main}
REQUEST_URI=/demo/index.php?r=message/goodbye
HTTP_REFERER=http://localhost/demo/index.php?r=message/helloWorld
---
2013/08/01 16:51:07 [error] [exception.CException] exception 'CException' with message 'MessageController cannot find the requested view "goodbye".' in /var/www/yii/framework/web/CController.php:878
Stack trace:
#0 /var/www/yii/framework/web/CController.php(782): CController->renderPartial('goodbye', NULL, true)
#1 /var/www/demo/protected/controllers/MessageController.php(19): CController->render('goodbye')
#2 /var/www/yii/framework/web/actions/CInlineAction.php(49): MessageController->actionGoodbye()
#3 /var/www/yii/framework/web/CController.php(308): CInlineAction->runWithParams(Array)
#4 /var/www/yii/framework/web/CController.php(286): CController->runAction(Object(CInlineAction))
#5 /var/www/yii/framework/web/CController.php(265): CController->runActionWithFilters(Object(CInlineAction), Array)
#6 /var/www/yii/framework/web/CWebApplication.php(282): CController->run('goodbye')
#7 /var/www/yii/framework/web/CWebApplication.php(141): CWebApplication->runController('message/goodbye')
#8 /var/www/yii/framework/base/CApplication.php(169): CWebApplication->processRequest()
#9 /var/www/demo/index.php(13): CApplication->run()
#10 {main}
REQUEST_URI=/demo/index.php?r=message/goodbye
HTTP_REFERER=http://localhost/demo/index.php?r=message/helloWorld
---
2013/08/01 16:52:46 [error] [exception.CException] exception 'CException' with message 'MessageController cannot find the requested view "goodbye".' in /var/www/yii/framework/web/CController.php:878
Stack trace:
#0 /var/www/yii/framework/web/CController.php(782): CController->renderPartial('goodbye', NULL, true)
#1 /var/www/demo/protected/controllers/MessageController.php(19): CController->render('goodbye')
#2 /var/www/yii/framework/web/actions/CInlineAction.php(49): MessageController->actionGoodbye()
#3 /var/www/yii/framework/web/CController.php(308): CInlineAction->runWithParams(Array)
#4 /var/www/yii/framework/web/CController.php(286): CController->runAction(Object(CInlineAction))
#5 /var/www/yii/framework/web/CController.php(265): CController->runActionWithFilters(Object(CInlineAction), Array)
#6 /var/www/yii/framework/web/CWebApplication.php(282): CController->run('goodbye')
#7 /var/www/yii/framework/web/CWebApplication.php(141): CWebApplication->runController('message/goodbye')
#8 /var/www/yii/framework/base/CApplication.php(169): CWebApplication->processRequest()
#9 /var/www/demo/index.php(13): CApplication->run()
#10 {main}
REQUEST_URI=/demo/index.php?r=message/goodbye
---
2013/08/01 16:53:23 [error] [exception.CException] exception 'CException' with message 'MessageController cannot find the requested view "goodbye".' in /var/www/yii/framework/web/CController.php:878
Stack trace:
#0 /var/www/yii/framework/web/CController.php(782): CController->renderPartial('goodbye', NULL, true)
#1 /var/www/demo/protected/controllers/MessageController.php(19): CController->render('goodbye')
#2 /var/www/yii/framework/web/actions/CInlineAction.php(49): MessageController->actionGoodbye()
#3 /var/www/yii/framework/web/CController.php(308): CInlineAction->runWithParams(Array)
#4 /var/www/yii/framework/web/CController.php(286): CController->runAction(Object(CInlineAction))
#5 /var/www/yii/framework/web/CController.php(265): CController->runActionWithFilters(Object(CInlineAction), Array)
#6 /var/www/yii/framework/web/CWebApplication.php(282): CController->run('Goodbye')
#7 /var/www/yii/framework/web/CWebApplication.php(141): CWebApplication->runController('message/Goodbye')
#8 /var/www/yii/framework/base/CApplication.php(169): CWebApplication->processRequest()
#9 /var/www/demo/index.php(13): CApplication->run()
#10 {main}
REQUEST_URI=/demo/index.php?r=message/Goodbye
---
